<?xml version="1.0" encoding="UTF-8"?>
<!-- Generated by org.testng.reporters.JUnitReportReporter -->
<testsuite hostname="DESKTOP-F34ICM2" failures="0" tests="1" name="com.acttime.testscript.CustomerModule" time="16.152" errors="0" timestamp="2024-03-20T20:01:17 IST" skipped="0">
  <testcase classname="com.acttime.testscript.CustomerModule" name="createCustomeranddeleteCustomer" time="16.152"/>
  <system-out>
    <![CDATA[openBrowser
login
logout
closeBrowser]]>
  </system-out>
</testsuite> <!-- com.acttime.testscript.CustomerModule -->
